<?xml version="1.0" encoding="UTF-8"?>
<!-- Generated by org.testng.reporters.JUnitReportReporter -->
<testsuite hostname="Anchit_PC" name="testcases.TC_001" tests="1" failures="0" timestamp="15 Apr 2021 12:07:05 GMT" time="103.600" errors="0">
  <testcase name="tc001" time="103.600" classname="testcases.TC_001"/>
</testsuite> <!-- testcases.TC_001 -->
